#
# There is insufficient memory for the Java Runtime Environment to continue.
# Native memory allocation (mmap) failed to map 65011712 bytes for Failed to commit area from 0x00000000c2000000 to 0x00000000c5e00000 of length 65011712.
# Possible reasons:
#   The system is out of physical RAM or swap space
#   The process is running with CompressedOops enabled, and the Java Heap may be blocking the growth of the native heap
# Possible solutions:
#   Reduce memory load on the system
#   Increase physical memory or swap space
#   Check if swap backing store is full
#   Decrease Java heap size (-Xmx/-Xms)
#   Decrease number of Java threads
#   Decrease Java thread stack sizes (-Xss)
#   Set larger code cache with -XX:ReservedCodeCacheSize=
#   JVM is running with Unscaled Compressed Oops mode in which the Java heap is
#     placed in the first 4GB address space. The Java Heap base address is the
#     maximum limit for the native heap growth. Please use -XX:HeapBaseMinAddress
#     to set the Java Heap base and to place the Java Heap above 4GB virtual address.
# This output file may be truncated or incomplete.
#
#  Out of Memory Error (./open/src/hotspot/os/windows/os_windows.cpp:3315), pid=380, tid=5844
#
# JRE version:  (14.0.1+7) (build )
# Java VM: Java HotSpot(TM) 64-Bit Server VM (14.0.1+7, mixed mode, sharing, tiered, compressed oops, g1 gc, windows-amd64)
# No core dump will be written. Minidumps are not enabled by default on client versions of Windows
#

---------------  S U M M A R Y ------------

Command Line: -javaagent:C:\Program Files\JetBrains\IntelliJ IDEA Community Edition 2020.2.3\lib\idea_rt.jar=50199:C:\Program Files\JetBrains\IntelliJ IDEA Community Edition 2020.2.3\bin -Dfile.encoding=UTF-8 MainKt

Host: Intel(R) Core(TM) i3-6006U CPU @ 2.00GHz, 4 cores, 3G,  Windows 10 , 64 bit Build 14393 (10.0.14393.0)
Time: Mon Dec 14 00:39:41 2020 Oeieyiaey (ceia) elapsed time: 0 seconds (0d 0h 0m 0s)

---------------  T H R E A D  ---------------

Current thread (0x000002182b913000):  JavaThread "Unknown thread" [_thread_in_vm, id=5844, stack(0x000000618fb00000,0x000000618fc00000)]

Stack: [0x000000618fb00000,0x000000618fc00000]
Native frames: (J=compiled Java code, j=interpreted, Vv=VM code, C=native code)
V  [jvm.dll+0x5f840a]
V  [jvm.dll+0x741e4a]
V  [jvm.dll+0x7435ff]
V  [jvm.dll+0x743c43]
V  [jvm.dll+0x20d288]
V  [jvm.dll+0x5f57ba]
V  [jvm.dll+0x5ea615]
V  [jvm.dll+0x2c7e9c]
V  [jvm.dll+0x2c7cd2]
V  [jvm.dll+0x2cdbbc]
V  [jvm.dll+0x313ff8]
V  [jvm.dll+0x313720]
V  [jvm.dll+0x2a092a]
V  [jvm.dll+0x2a1a79]
V  [jvm.dll+0x71f718]
V  [jvm.dll+0x321c44]
V  [jvm.dll+0x700b0c]
V  [jvm.dll+0x392dff]
V  [jvm.dll+0x394e71]
C  [jli.dll+0x523b]
C  [ucrtbase.dll+0x1cab0]
C  [KERNEL32.DLL+0x8364]
C  [ntdll.dll+0x670d1]


---------------  P R O C E S S  ---------------

Threads class SMR info:
_java_thread_list=0x00007ffffbe73078, length=0, elements={
}

Java Threads: ( => current thread )

Other Threads:
  0x000002182b941800 GCTaskThread "GC Thread#0" [stack: 0x000000618fd00000,0x000000618fe00000] [id=4684]
  0x000002182b94a800 ConcurrentGCThread "G1 Main Marker" [stack: 0x000000618fe00000,0x000000618ff00000] [id=4888]
  0x000002182b94c000 ConcurrentGCThread "G1 Conc#0" [stack: 0x000000618ff00000,0x0000006190000000] [id=612]

[error occurred during error reporting (printing all threads), id 0xc0000005, EXCEPTION_ACCESS_VIOLATION (0xc0000005) at pc=0x00007ffffb6a1257]

VM state:not at safepoint (not fully initialized)

VM Mutex/Monitor currently owned by a thread:  ([mutex/lock_event])
[0x000002182b910360] Heap_lock - owner thread: 0x000002182b913000

Heap address: 0x00000000c2000000, size: 992 MB, Compressed Oops mode: 32-bit
Narrow klass base: 0x0000000000000000, Narrow klass shift: 0

GC Heap History (0 events):
No events

Deoptimization events (0 events):
No events

Classes unloaded (0 events):
No events

Classes redefined (0 events):
No events

Internal exceptions (0 events):
No events

Events (2 events):
Event: 0.014 Loaded shared library C:\Program Files\Java\jdk-14.0.1\bin\java.dll
Event: 0.015 Loaded shared library C:\Program Files\Java\jdk-14.0.1\bin\zip.dll


Dynamic libraries:
0x00007ff70bad0000 - 0x00007ff70badf000 	C:\Program Files\Java\jdk-14.0.1\bin\java.exe
0x00007ff825420000 - 0x00007ff8255f1000 	C:\Windows\SYSTEM32\ntdll.dll
0x00007ff822f60000 - 0x00007ff82300b000 	C:\Windows\System32\KERNEL32.DLL
0x00007ff822420000 - 0x00007ff82263d000 	C:\Windows\System32\KERNELBASE.dll
0x00007ff8228b0000 - 0x00007ff8229a5000 	C:\Windows\System32\ucrtbase.dll
0x00007ff815a50000 - 0x00007ff815a68000 	C:\Program Files\Java\jdk-14.0.1\bin\jli.dll
0x00007ff8229b0000 - 0x00007ff822a52000 	C:\Windows\System32\ADVAPI32.dll
0x00007ff824e10000 - 0x00007ff824eae000 	C:\Windows\System32\msvcrt.dll
0x00007ff824eb0000 - 0x00007ff824f09000 	C:\Windows\System32\sechost.dll
0x00007ff825210000 - 0x00007ff825331000 	C:\Windows\System32\RPCRT4.dll
0x00007ff823010000 - 0x00007ff823175000 	C:\Windows\System32\USER32.dll
0x00007ff821ae0000 - 0x00007ff821afe000 	C:\Windows\System32\win32u.dll
0x00007ff822e90000 - 0x00007ff822ec4000 	C:\Windows\System32\GDI32.dll
0x00007ff821b60000 - 0x00007ff821ce2000 	C:\Windows\System32\gdi32full.dll
0x00007ff817070000 - 0x00007ff817085000 	C:\Program Files\Java\jdk-14.0.1\bin\VCRUNTIME140.dll
0x00007ff816210000 - 0x00007ff81648a000 	C:\Windows\WinSxS\amd64_microsoft.windows.common-controls_6595b64144ccf1df_6.0.14393.953_none_42151e83c686086b\COMCTL32.dll
0x00007ff823180000 - 0x00007ff823448000 	C:\Windows\System32\combase.dll
0x00007ff8226e0000 - 0x00007ff82274a000 	C:\Windows\System32\bcryptPrimitives.dll
0x00007ff819110000 - 0x00007ff81911a000 	C:\Windows\SYSTEM32\VERSION.dll
0x00007ff822f30000 - 0x00007ff822f5e000 	C:\Windows\System32\IMM32.DLL
0x00007ff8157a0000 - 0x00007ff81583b000 	C:\Program Files\Java\jdk-14.0.1\bin\msvcp140.dll
0x00007ffffb3f0000 - 0x00007ffffbf0e000 	C:\Program Files\Java\jdk-14.0.1\bin\server\jvm.dll
0x00007ff823680000 - 0x00007ff823688000 	C:\Windows\System32\PSAPI.DLL
0x00007ff81e5b0000 - 0x00007ff81e5b9000 	C:\Windows\SYSTEM32\WSOCK32.dll
0x00007ff823690000 - 0x00007ff8236fa000 	C:\Windows\System32\WS2_32.dll
0x00007ff81fc20000 - 0x00007ff81fc43000 	C:\Windows\SYSTEM32\WINMM.dll
0x00007ff81fb60000 - 0x00007ff81fb8b000 	C:\Windows\SYSTEM32\WINMMBASE.dll
0x00007ff8223d0000 - 0x00007ff822412000 	C:\Windows\System32\cfgmgr32.dll
0x00007ff821900000 - 0x00007ff82190f000 	C:\Windows\System32\kernel.appcore.dll
0x00007ff818770000 - 0x00007ff81877a000 	C:\Program Files\Java\jdk-14.0.1\bin\jimage.dll
0x00007ff80f580000 - 0x00007ff80f712000 	C:\Windows\SYSTEM32\DBGHELP.DLL
0x00007ff80f550000 - 0x00007ff80f579000 	C:\Windows\SYSTEM32\dbgcore.DLL
0x00007ff81e5c0000 - 0x00007ff81e5ce000 	C:\Program Files\Java\jdk-14.0.1\bin\instrument.dll
0x00007ff815a20000 - 0x00007ff815a45000 	C:\Program Files\Java\jdk-14.0.1\bin\java.dll
0x00007ff815780000 - 0x00007ff815796000 	C:\Program Files\Java\jdk-14.0.1\bin\zip.dll

dbghelp: loaded successfully - version: 4.0.5 - missing functions: none
symbol engine: initialized successfully - sym options: 0x614 - pdb path: .;C:\Program Files\Java\jdk-14.0.1\bin;C:\Windows\SYSTEM32;C:\Windows\WinSxS\amd64_microsoft.windows.common-controls_6595b64144ccf1df_6.0.14393.953_none_42151e83c686086b;C:\Program Files\Java\jdk-14.0.1\bin\server

VM Arguments:
jvm_args: -javaagent:C:\Program Files\JetBrains\IntelliJ IDEA Community Edition 2020.2.3\lib\idea_rt.jar=50199:C:\Program Files\JetBrains\IntelliJ IDEA Community Edition 2020.2.3\bin -Dfile.encoding=UTF-8 
java_command: MainKt
java_class_path (initial): C:\Users\User\workspace2\Lab6\Main\out\production\Object1;C:\Program Files\JetBrains\IntelliJ IDEA Community Edition 2020.2.3\plugins\Kotlin\kotlinc\lib\kotlin-stdlib.jar;C:\Program Files\JetBrains\IntelliJ IDEA Community Edition 2020.2.3\plugins\Kotlin\kotlinc\lib\kotlin-reflect.jar;C:\Program Files\JetBrains\IntelliJ IDEA Community Edition 2020.2.3\plugins\Kotlin\kotlinc\lib\kotlin-test.jar;C:\Program Files\JetBrains\IntelliJ IDEA Community Edition 2020.2.3\plugins\Kotlin\kotlinc\lib\kotlin-stdlib-jdk7.jar;C:\Program Files\JetBrains\IntelliJ IDEA Community Edition 2020.2.3\plugins\Kotlin\kotlinc\lib\kotlin-stdlib-jdk8.jar
Launcher Type: SUN_STANDARD

[Global flags]
     intx CICompilerCount                          = 3                                         {product} {ergonomic}
     uint ConcGCThreads                            = 1                                         {product} {ergonomic}
     uint G1ConcRefinementThreads                  = 4                                         {product} {ergonomic}
   size_t G1HeapRegionSize                         = 1048576                                   {product} {ergonomic}
    uintx GCDrainStackTargetSize                   = 64                                        {product} {ergonomic}
   size_t InitialHeapSize                          = 65011712                                  {product} {ergonomic}
   size_t MarkStackSize                            = 4194304                                   {product} {ergonomic}
   size_t MaxHeapSize                              = 1040187392                                {product} {ergonomic}
   size_t MinHeapDeltaBytes                        = 1048576                                   {product} {ergonomic}
   size_t MinHeapSize                              = 8388608                                   {product} {ergonomic}
    uintx NonNMethodCodeHeapSize                   = 5832780                                {pd product} {ergonomic}
    uintx NonProfiledCodeHeapSize                  = 122912730                              {pd product} {ergonomic}
    uintx ProfiledCodeHeapSize                     = 122912730                              {pd product} {ergonomic}
    uintx ReservedCodeCacheSize                    = 251658240                              {pd product} {ergonomic}
     bool SegmentedCodeCache                       = true                                      {product} {ergonomic}
   size_t SoftMaxHeapSize                          = 1040187392                             {manageable} {ergonomic}
     bool UseCompressedClassPointers               = true                                 {lp64_product} {ergonomic}
     bool UseCompressedOops                        = true                                 {lp64_product} {ergonomic}
     bool UseG1GC                                  = true                                      {product} {ergonomic}
     bool UseLargePagesIndividualAllocation        = false                                  {pd product} {ergonomic}

Logging:
Log output configuration:
 #0: stdout all=warning uptime,level,tags
 #1: stderr all=off uptime,level,tags

Environment Variables:
JAVA_HOME=C:\Program Files\Java\jdk-14.0.1
PATH=C:\ProgramData\Oracle\Java\javapath;C:\Windows\system32;C:\Windows;C:\Windows\System32\Wbem;C:\Windows\System32\WindowsPowerShell\v1.0\;C:\Program Files (x86)\NVIDIA Corporation\PhysX\Common;C:\Program Files (x86)\Windows Kits\8.1\Windows Performance Toolkit\;C:\Program Files\MySQL\MySQL Utilities 1.6\;C:\Program Files\nodejs\;C:\Program Files\Git\cmd;C:\Program Files\processing-3.5.3;C:\Program Files\dotnet\;C:\Program Files\MySQL\MySQL Shell 8.0\bin\;C:\Program Files\Java\jdk-14.0.1\bin;C:\Users\User\AppData\Local\Microsoft\WindowsApps;C:\Users\User\AppData\Roaming\npm;C:\Users\User\AppData\Local\atom\bin;C:\Program Files\processing-3.5.3;C:\Users\User\AppData\Local\Programs\Python\Python38-32;C:\Users\User\AppData\Local\Programs\Python\Python38-32\Scripts;C:\Program Files\Java\apache-maven-3.6.3\bin;C:\Users\User\altera\modelsim_ase\win32aloem;C:\Program Files\JetBrains\IntelliJ IDEA Community Edition 2020.2.3\bin;
USERNAME=User
OS=Windows_NT
PROCESSOR_IDENTIFIER=Intel64 Family 6 Model 78 Stepping 3, GenuineIntel



---------------  S Y S T E M  ---------------

OS: Windows 10 , 64 bit Build 14393 (10.0.14393.0)
OS uptime: 0 days 1:01 hours

CPU:total 4 (initial active 4) (2 cores per cpu, 2 threads per core) family 6 model 78 stepping 3, cmov, cx8, fxsr, mmx, sse, sse2, sse3, ssse3, sse4.1, sse4.2, popcnt, avx, avx2, aes, clmul, erms, 3dnowpref, lzcnt, ht, tsc, tscinvbit, bmi1, bmi2, adx, fma

Memory: 4k page, system-wide physical 3964M (497M free)
TotalPageFile size 4948M (AvailPageFile size 65M)
current process WorkingSet (physical memory assigned to process): 10M, peak: 10M
current process commit charge ("private bytes"): 51M, peak: 113M

vm_info: Java HotSpot(TM) 64-Bit Server VM (14.0.1+7) for windows-amd64 JRE (14.0.1+7), built on Mar  5 2020 10:30:14 by "mach5one" with MS VC++ 15.9 (VS2017)

END.
